# JRE version: Java(TM) SE Runtime Environment (17.0.11+7) (build 17.0.11+7-LTS-207)
# Java VM: Java HotSpot(TM) 64-Bit Server VM (17.0.11+7-LTS-207, mixed mode, sharing, tiered, compressed oops, compressed class ptrs, g1 gc, windows-amd64)
GC Precious Log:
 CPUs: 8 total, 8 available
 Memory: 16108M
 Large Page Support: Disabled
 NUMA Support: Disabled
 Compressed Oops: Enabled (32-bit)
 Heap Region Size: 1M
 Heap Min Capacity: 256M
 Heap Initial Capacity: 256M
 Heap Max Capacity: 512M
 Pre-touch: Disabled
 Parallel Workers: 8
 Concurrent Workers: 2
 Concurrent Refinement Workers: 8
 Periodic GC: Disabled
Heap:
 garbage-first heap   total 262144K, used 140070K [0x00000000e0000000, 0x0000000100000000)
  region size 1024K, 80 young (81920K), 9 survivors (9216K)
 Metaspace       used 64639K, committed 65344K, reserved 393216K
  class space    used 8679K, committed 9024K, reserved 327680K
GC Heap History (20 events):
Event: 77.562 GC heap before
{Heap before GC invocations=7 (full 0):
 garbage-first heap   total 262144K, used 179645K [0x00000000e0000000, 0x0000000100000000)
  region size 1024K, 153 young (156672K), 11 survivors (11264K)
 Metaspace       used 53990K, committed 54528K, reserved 393216K
  class space    used 7562K, committed 7808K, reserved 327680K
}
Event: 77.596 GC heap after
{Heap after GC invocations=8 (full 0):
 garbage-first heap   total 262144K, used 41410K [0x00000000e0000000, 0x0000000100000000)
  region size 1024K, 20 young (20480K), 20 survivors (20480K)
 Metaspace       used 53990K, committed 54528K, reserved 393216K
  class space    used 7562K, committed 7808K, reserved 327680K
}
Event: 88.703 GC heap before
{Heap before GC invocations=8 (full 0):
 garbage-first heap   total 262144K, used 176578K [0x00000000e0000000, 0x0000000100000000)
  region size 1024K, 153 young (156672K), 20 survivors (20480K)
 Metaspace       used 59792K, committed 60288K, reserved 393216K
  class space    used 8253K, committed 8512K, reserved 327680K
}
Event: 88.750 GC heap after
{Heap after GC invocations=9 (full 0):
 garbage-first heap   total 262144K, used 51675K [0x00000000e0000000, 0x0000000100000000)
  region size 1024K, 20 young (20480K), 20 survivors (20480K)
 Metaspace       used 59792K, committed 60288K, reserved 393216K
  class space    used 8253K, committed 8512K, reserved 327680K
}
Event: 89.821 GC heap before
{Heap before GC invocations=9 (full 0):
 garbage-first heap   total 262144K, used 66011K [0x00000000e0000000, 0x0000000100000000)
  region size 1024K, 35 young (35840K), 20 survivors (20480K)
 Metaspace       used 59906K, committed 60416K, reserved 393216K
  class space    used 8254K, committed 8512K, reserved 327680K
}
Event: 89.857 GC heap after
{Heap after GC invocations=10 (full 0):
 garbage-first heap   total 262144K, used 56216K [0x00000000e0000000, 0x0000000100000000)
  region size 1024K, 4 young (4096K), 4 survivors (4096K)
 Metaspace       used 59906K, committed 60416K, reserved 393216K
  class space    used 8254K, committed 8512K, reserved 327680K
}
Event: 566.365 GC heap before
{Heap before GC invocations=11 (full 0):
 garbage-first heap   total 262144K, used 202648K [0x00000000e0000000, 0x0000000100000000)
  region size 1024K, 147 young (150528K), 4 survivors (4096K)
 Metaspace       used 62575K, committed 63104K, reserved 393216K
  class space    used 8577K, committed 8832K, reserved 327680K
}
Event: 566.376 GC heap after
{Heap after GC invocations=12 (full 0):
 garbage-first heap   total 262144K, used 64707K [0x00000000e0000000, 0x0000000100000000)
  region size 1024K, 13 young (13312K), 13 survivors (13312K)
 Metaspace       used 62575K, committed 63104K, reserved 393216K
  class space    used 8577K, committed 8832K, reserved 327680K
}
Event: 578.262 GC heap before
{Heap before GC invocations=12 (full 0):
 garbage-first heap   total 262144K, used 201923K [0x00000000e0000000, 0x0000000100000000)
  region size 1024K, 148 young (151552K), 13 survivors (13312K)
 Metaspace       used 63284K, committed 63872K, reserved 393216K
  class space    used 8609K, committed 8896K, reserved 327680K
}
Event: 578.269 GC heap after
{Heap after GC invocations=13 (full 0):
 garbage-first heap   total 262144K, used 65318K [0x00000000e0000000, 0x0000000100000000)
  region size 1024K, 6 young (6144K), 6 survivors (6144K)
 Metaspace       used 63284K, committed 63872K, reserved 393216K
  class space    used 8609K, committed 8896K, reserved 327680K
}
Event: 584.797 GC heap before
{Heap before GC invocations=13 (full 0):
 garbage-first heap   total 262144K, used 205606K [0x00000000e0000000, 0x0000000100000000)
  region size 1024K, 144 young (147456K), 6 survivors (6144K)
 Metaspace       used 63639K, committed 64256K, reserved 393216K
  class space    used 8613K, committed 8896K, reserved 327680K
}
Event: 584.802 GC heap after
{Heap after GC invocations=14 (full 0):
 garbage-first heap   total 262144K, used 65484K [0x00000000e0000000, 0x0000000100000000)
  region size 1024K, 7 young (7168K), 7 survivors (7168K)
 Metaspace       used 63639K, committed 64256K, reserved 393216K
  class space    used 8613K, committed 8896K, reserved 327680K
}
Event: 619.294 GC heap before
{Heap before GC invocations=14 (full 0):
 garbage-first heap   total 262144K, used 206796K [0x00000000e0000000, 0x0000000100000000)
  region size 1024K, 146 young (149504K), 7 survivors (7168K)
 Metaspace       used 63885K, committed 64512K, reserved 393216K
  class space    used 8615K, committed 8896K, reserved 327680K
}
Event: 619.299 GC heap after
{Heap after GC invocations=15 (full 0):
 garbage-first heap   total 262144K, used 65462K [0x00000000e0000000, 0x0000000100000000)
  region size 1024K, 7 young (7168K), 7 survivors (7168K)
 Metaspace       used 63885K, committed 64512K, reserved 393216K
  class space    used 8615K, committed 8896K, reserved 327680K
}
Event: 623.437 GC heap before
{Heap before GC invocations=15 (full 0):
 garbage-first heap   total 262144K, used 208822K [0x00000000e0000000, 0x0000000100000000)
  region size 1024K, 148 young (151552K), 7 survivors (7168K)
 Metaspace       used 64061K, committed 64704K, reserved 393216K
  class space    used 8625K, committed 8960K, reserved 327680K
}
Event: 623.443 GC heap after
{Heap after GC invocations=16 (full 0):
 garbage-first heap   total 262144K, used 66168K [0x00000000e0000000, 0x0000000100000000)
  region size 1024K, 7 young (7168K), 7 survivors (7168K)
 Metaspace       used 64061K, committed 64704K, reserved 393216K
  class space    used 8625K, committed 8960K, reserved 327680K
}
Event: 642.303 GC heap before
{Heap before GC invocations=16 (full 0):
 garbage-first heap   total 262144K, used 210552K [0x00000000e0000000, 0x0000000100000000)
  region size 1024K, 149 young (152576K), 7 survivors (7168K)
 Metaspace       used 64177K, committed 64832K, reserved 393216K
  class space    used 8626K, committed 8960K, reserved 327680K
}
Event: 642.316 GC heap after
{Heap after GC invocations=17 (full 0):
 garbage-first heap   total 262144K, used 66967K [0x00000000e0000000, 0x0000000100000000)
  region size 1024K, 8 young (8192K), 8 survivors (8192K)
 Metaspace       used 64177K, committed 64832K, reserved 393216K
  class space    used 8626K, committed 8960K, reserved 327680K
}
Event: 676.116 GC heap before
{Heap before GC invocations=17 (full 0):
 garbage-first heap   total 262144K, used 209303K [0x00000000e0000000, 0x0000000100000000)
  region size 1024K, 148 young (151552K), 8 survivors (8192K)
 Metaspace       used 64386K, committed 65024K, reserved 393216K
  class space    used 8649K, committed 8960K, reserved 327680K
}
Event: 676.130 GC heap after
{Heap after GC invocations=18 (full 0):
 garbage-first heap   total 262144K, used 68390K [0x00000000e0000000, 0x0000000100000000)
  region size 1024K, 9 young (9216K), 9 survivors (9216K)
 Metaspace       used 64386K, committed 65024K, reserved 393216K
  class space    used 8649K, committed 8960K, reserved 327680K
}

